[17:23:06 - main] [GUI.java:3162] [WARN] - JAVA_HOME environment variable not set, Cooja motes may not compile
[17:23:07 - AWT-EventQueue-0] [GUI.java:2846] [INFO] - External tools default settings: /external_tools_linux.config
[17:23:07 - AWT-EventQueue-0] [GUI.java:2876] [INFO] - External tools user settings: /home/namnt/.cooja.user.properties
[17:23:24 - Thread-0] [Simulation.java:423] [INFO] - Simulation random seed: 123456
[17:23:24 - Thread-0] [MspMoteType.java:277] [WARN] - Old simulation config detected: SkyByteRadio was replaced by Msp802154Radio
[17:23:24 - Thread-0] [CompileContiki.java:140] [INFO] - > make udp-sink.sky TARGET=sky 
[17:23:37 - Thread-0] [MspMoteType.java:277] [WARN] - Old simulation config detected: SkyByteRadio was replaced by Msp802154Radio
[17:23:37 - Thread-0] [CompileContiki.java:140] [INFO] - > make udp-sender.sky TARGET=sky 
[17:23:37 - Thread-0] [MspMote.java:232] [INFO] - Loading firmware from: /home/namnt/contiki/examples/ipv6/rpl-collect/udp-sink.sky
[17:23:38 - Thread-0] [MspMote.java:232] [INFO] - Loading firmware from: /home/namnt/contiki/examples/ipv6/rpl-collect/udp-sender.sky
[17:23:38 - Thread-0] [MspMote.java:232] [INFO] - Loading firmware from: /home/namnt/contiki/examples/ipv6/rpl-collect/udp-sender.sky
[17:23:38 - Thread-0] [MspMote.java:232] [INFO] - Loading firmware from: /home/namnt/contiki/examples/ipv6/rpl-collect/udp-sender.sky
[17:23:38 - Thread-0] [MspMote.java:232] [INFO] - Loading firmware from: /home/namnt/contiki/examples/ipv6/rpl-collect/udp-sender.sky
[17:23:38 - Thread-0] [MspMote.java:232] [INFO] - Loading firmware from: /home/namnt/contiki/examples/ipv6/rpl-collect/udp-sender.sky
[17:23:38 - Thread-0] [MspMote.java:232] [INFO] - Loading firmware from: /home/namnt/contiki/examples/ipv6/rpl-collect/udp-sender.sky
[17:23:38 - Thread-0] [MspMote.java:232] [INFO] - Loading firmware from: /home/namnt/contiki/examples/ipv6/rpl-collect/udp-sender.sky
[17:23:38 - Thread-0] [MspMote.java:232] [INFO] - Loading firmware from: /home/namnt/contiki/examples/ipv6/rpl-collect/udp-sender.sky
[17:23:38 - Thread-0] [MspMote.java:232] [INFO] - Loading firmware from: /home/namnt/contiki/examples/ipv6/rpl-collect/udp-sender.sky
[17:23:38 - Thread-0] [MspMote.java:232] [INFO] - Loading firmware from: /home/namnt/contiki/examples/ipv6/rpl-collect/udp-sender.sky
[17:23:38 - Thread-0] [MspMote.java:232] [INFO] - Loading firmware from: /home/namnt/contiki/examples/ipv6/rpl-collect/udp-sender.sky
[17:23:38 - Thread-0] [MspMote.java:232] [INFO] - Loading firmware from: /home/namnt/contiki/examples/ipv6/rpl-collect/udp-sender.sky
[17:23:38 - Thread-0] [MspMote.java:232] [INFO] - Loading firmware from: /home/namnt/contiki/examples/ipv6/rpl-collect/udp-sender.sky
[17:23:38 - Thread-0] [MspMote.java:232] [INFO] - Loading firmware from: /home/namnt/contiki/examples/ipv6/rpl-collect/udp-sender.sky
[17:23:38 - Thread-0] [MspMote.java:232] [INFO] - Loading firmware from: /home/namnt/contiki/examples/ipv6/rpl-collect/udp-sender.sky
[17:23:38 - Thread-0] [MspMote.java:232] [INFO] - Loading firmware from: /home/namnt/contiki/examples/ipv6/rpl-collect/udp-sender.sky
[17:23:38 - Thread-0] [MspMote.java:232] [INFO] - Loading firmware from: /home/namnt/contiki/examples/ipv6/rpl-collect/udp-sender.sky
[17:23:38 - Thread-0] [MspMote.java:232] [INFO] - Loading firmware from: /home/namnt/contiki/examples/ipv6/rpl-collect/udp-sender.sky
[17:23:38 - Thread-0] [MspMote.java:232] [INFO] - Loading firmware from: /home/namnt/contiki/examples/ipv6/rpl-collect/udp-sender.sky
[17:23:38 - Thread-0] [MspMote.java:232] [INFO] - Loading firmware from: /home/namnt/contiki/examples/ipv6/rpl-collect/udp-sender.sky
[17:23:38 - Thread-0] [MspMote.java:232] [INFO] - Loading firmware from: /home/namnt/contiki/examples/ipv6/rpl-collect/udp-sender.sky
[17:23:38 - Thread-0] [MspMote.java:232] [INFO] - Loading firmware from: /home/namnt/contiki/examples/ipv6/rpl-collect/udp-sender.sky
[17:23:38 - Thread-0] [MspMote.java:232] [INFO] - Loading firmware from: /home/namnt/contiki/examples/ipv6/rpl-collect/udp-sender.sky
[17:23:38 - Thread-0] [MspMote.java:232] [INFO] - Loading firmware from: /home/namnt/contiki/examples/ipv6/rpl-collect/udp-sender.sky
[17:23:39 - Thread-0] [TimeLine.java:567] [INFO] - Zoom level: 500.0 microseconds/pixel 
[17:23:47 - Thread-1] [Simulation.java:252] [INFO] - Simulation main loop started, system time: 1443695027471
[17:24:18 - Thread-1] [Simulation.java:311] [INFO] - Simulation main loop stopped, system time: 1443695058595	Duration: 31124 ms	Simulated time 62263 ms	Ratio 2.0004819431949623
[17:24:28 - Thread-2] [Simulation.java:252] [INFO] - Simulation main loop started, system time: 1443695068909
[17:24:38 - Thread-2] [Simulation.java:311] [INFO] - Simulation main loop stopped, system time: 1443695078602	Duration: 9693 ms	Simulated time 75191 ms	Ratio 7.757247498194573
[17:25:22 - Thread-3] [Simulation.java:252] [INFO] - Simulation main loop started, system time: 1443695122721
[17:25:31 - Thread-3] [Simulation.java:311] [INFO] - Simulation main loop stopped, system time: 1443695131218	Duration: 8497 ms	Simulated time 86314 ms	Ratio 10.158173472990468
[17:37:27 - read input stream thread] [CollectView.java:237] [FATAL] - The CollectView application died!
